<?xml version="1.0" encoding="UTF-8"?>
<!-- Generated by org.testng.reporters.JUnitXMLReporter -->
<testsuite hostname="ATMECSINLT-269" name="Testcase for placing Order from mystore app" tests="7" failures="0" timestamp="21 Apr 2020 11:23:16 GMT" time="5.36" errors="0">
  <testcase name="@BeforeClass launchApplication" time="0.0" classname="com.qa.automation.mystoreapplication.testscript.TC_0002_PlacingOrderFromMyStoreApp">
    <failure type="org.openqa.selenium.WebDriverException" message="permission denied
Build info: version: &amp;apos;3.6.0&amp;apos;, revision: &amp;apos;6fbf3ec767&amp;apos;, time: &amp;apos;2017-09-27T15:28:36.4Z&amp;apos;
System info: host: &amp;apos;ATMECSINLT-269&amp;apos;, ip: &amp;apos;192.168.43.218&amp;apos;, os.name: &amp;apos;Windows 10&amp;apos;, os.arch: &amp;apos;amd64&amp;apos;, os.version: &amp;apos;10.0&amp;apos;, java.version: &amp;apos;1.8.0_191&amp;apos;
Driver info: driver.version: FirefoxDriver
remote stacktrace: ">
      <![CDATA[org.openqa.selenium.WebDriverException: permission denied
Build info: version: '3.6.0', revision: '6fbf3ec767', time: '2017-09-27T15:28:36.4Z'
System info: host: 'ATMECSINLT-269', ip: '192.168.43.218', os.name: 'Windows 10', os.arch: 'amd64', os.version: '10.0', java.version: '1.8.0_191'
Driver info: driver.version: FirefoxDriver
remote stacktrace: 
	at org.openqa.selenium.remote.W3CHandshakeResponse.lambda$new$0(W3CHandshakeResponse.java:57)
	at org.openqa.selenium.remote.W3CHandshakeResponse.lambda$getResponseFunction$2(W3CHandshakeResponse.java:104)
	at org.openqa.selenium.remote.ProtocolHandshake.lambda$createSession$24(ProtocolHandshake.java:359)
	at java.util.stream.ReferencePipeline$3$1.accept(ReferencePipeline.java:193)
	at java.util.Spliterators$ArraySpliterator.tryAdvance(Spliterators.java:958)
	at java.util.stream.ReferencePipeline.forEachWithCancel(ReferencePipeline.java:126)
	at java.util.stream.AbstractPipeline.copyIntoWithCancel(AbstractPipeline.java:498)
	at java.util.stream.AbstractPipeline.copyInto(AbstractPipeline.java:485)
	at java.util.stream.AbstractPipeline.wrapAndCopyInto(AbstractPipeline.java:471)
	at java.util.stream.FindOps$FindOp.evaluateSequential(FindOps.java:152)
	at java.util.stream.AbstractPipeline.evaluate(AbstractPipeline.java:234)
	at java.util.stream.ReferencePipeline.findFirst(ReferencePipeline.java:464)
	at org.openqa.selenium.remote.ProtocolHandshake.createSession(ProtocolHandshake.java:362)
	at org.openqa.selenium.remote.ProtocolHandshake.createSession(ProtocolHandshake.java:136)
	at org.openqa.selenium.remote.HttpCommandExecutor.execute(HttpCommandExecutor.java:142)
	at org.openqa.selenium.remote.service.DriverCommandExecutor.execute(DriverCommandExecutor.java:83)
	at org.openqa.selenium.remote.RemoteWebDriver.execute(RemoteWebDriver.java:586)
	at org.openqa.selenium.remote.RemoteWebDriver.startSession(RemoteWebDriver.java:217)
	at org.openqa.selenium.remote.RemoteWebDriver.<init>(RemoteWebDriver.java:140)
	at org.openqa.selenium.firefox.FirefoxDriver.<init>(FirefoxDriver.java:120)
	at org.openqa.selenium.firefox.FirefoxDriver.<init>(FirefoxDriver.java:98)
	at com.atmecs.falcon.automation.ui.selenium.RunModeLocal.setFirefoxDriver(RunModeLocal.java:136)
	at com.atmecs.falcon.automation.ui.selenium.RunModeLocal.<init>(RunModeLocal.java:42)
	at com.atmecs.falcon.automation.ui.selenium.RunModeFactory.getRunMode(RunModeFactory.java:35)
	at com.atmecs.falcon.automation.ui.selenium.Browser.openURL(Browser.java:372)
	at com.qa.automation.mystoreapplication.testsuite.TestSuiteBase.launchApplication(TestSuiteBase.java:70)
	at com.qa.automation.mystoreapplication.runner.TestNGRunner.main(TestNGRunner.java:58)
	at org.codehaus.mojo.exec.ExecJavaMojo$1.run(ExecJavaMojo.java:294)
	at java.lang.Thread.run(Thread.java:748)
... Removed 29 stack frames]]>
    </failure>
  </testcase> <!-- @BeforeClass launchApplication -->
  <testcase name="@AfterMethod signOutApp" time="0.0" classname="com.qa.automation.mystoreapplication.testscript.TC_0002_PlacingOrderFromMyStoreApp">
    <skipped/>
  </testcase> <!-- @AfterMethod signOutApp -->
  <testcase name="@AfterMethod signOutApp" time="0.0" classname="com.qa.automation.mystoreapplication.testscript.TC_0002_PlacingOrderFromMyStoreApp">
    <skipped/>
  </testcase> <!-- @AfterMethod signOutApp -->
  <testcase name="@AfterMethod signOutApp" time="0.0" classname="com.qa.automation.mystoreapplication.testscript.TC_0002_PlacingOrderFromMyStoreApp">
    <skipped/>
  </testcase> <!-- @AfterMethod signOutApp -->
  <testcase name="@AfterMethod signOutApp" time="0.0" classname="com.qa.automation.mystoreapplication.testscript.TC_0002_PlacingOrderFromMyStoreApp">
    <skipped/>
  </testcase> <!-- @AfterMethod signOutApp -->
  <testcase name="@AfterMethod signOutApp" time="0.0" classname="com.qa.automation.mystoreapplication.testscript.TC_0002_PlacingOrderFromMyStoreApp">
    <skipped/>
  </testcase> <!-- @AfterMethod signOutApp -->
  <testcase name="@AfterMethod signOutApp" time="0.0" classname="com.qa.automation.mystoreapplication.testscript.TC_0002_PlacingOrderFromMyStoreApp">
    <skipped/>
  </testcase> <!-- @AfterMethod signOutApp -->
  <testcase name="@AfterMethod signOutApp" time="0.0" classname="com.qa.automation.mystoreapplication.testscript.TC_0002_PlacingOrderFromMyStoreApp">
    <skipped/>
  </testcase> <!-- @AfterMethod signOutApp -->
  <testcase name="performSignIntoMystore" time="0.001" classname="com.qa.automation.mystoreapplication.testscript.TC_0002_PlacingOrderFromMyStoreApp">
    <skipped/>
  </testcase> <!-- performSignIntoMystore -->
  <testcase name="verifyProductDetailsAndCartTextOnAddToCartPage" time="0.0" classname="com.qa.automation.mystoreapplication.testscript.TC_0002_PlacingOrderFromMyStoreApp">
    <skipped/>
  </testcase> <!-- verifyProductDetailsAndCartTextOnAddToCartPage -->
  <testcase name="verifyProductDetailsOnShoppingCartSummary" time="0.0" classname="com.qa.automation.mystoreapplication.testscript.TC_0002_PlacingOrderFromMyStoreApp">
    <skipped/>
  </testcase> <!-- verifyProductDetailsOnShoppingCartSummary -->
  <testcase name="verifyAddressDetailsOnAddresssPage" time="0.0" classname="com.qa.automation.mystoreapplication.testscript.TC_0002_PlacingOrderFromMyStoreApp">
    <skipped/>
  </testcase> <!-- verifyAddressDetailsOnAddresssPage -->
  <testcase name="verifyProductDetailsOnPaymentPage" time="0.0" classname="com.qa.automation.mystoreapplication.testscript.TC_0002_PlacingOrderFromMyStoreApp">
    <skipped/>
  </testcase> <!-- verifyProductDetailsOnPaymentPage -->
  <testcase name="verifyCheckout" time="0.0" classname="com.qa.automation.mystoreapplication.testscript.TC_0002_PlacingOrderFromMyStoreApp">
    <skipped/>
  </testcase> <!-- verifyCheckout -->
  <testcase name="verifyOrderDetails" time="0.0" classname="com.qa.automation.mystoreapplication.testscript.TC_0002_PlacingOrderFromMyStoreApp">
    <skipped/>
  </testcase> <!-- verifyOrderDetails -->
</testsuite> <!-- Testcase for placing Order from mystore app -->
