<?xml version="1.0" encoding="UTF-8"?>
<!-- Generated by org.testng.reporters.JUnitXMLReporter -->
<testsuite hostname="ATMECSINLT-269" name="Testcase for placing Order from mystore app" tests="4" failures="1" timestamp="16 Apr 2020 15:26:39 GMT" time="707.461" errors="0">
  <testcase name="verifyAddCasualDressToCart" time="94.135" classname="com.qa.automation.mystoreapplication.testscript.TC_001_PlacingOrderFromMyStoreApplication"/>
  <testcase name="verifyAddEveningDressToCart" time="200.069" classname="com.qa.automation.mystoreapplication.testscript.TC_001_PlacingOrderFromMyStoreApplication"/>
  <testcase name="verifyCheckout" time="247.176" classname="com.qa.automation.mystoreapplication.testscript.TC_001_PlacingOrderFromMyStoreApplication">
    <failure type="java.lang.AssertionError" message="expected [Summer Dresses - My Store] but found [Dresses - My Store]">
      <![CDATA[java.lang.AssertionError: expected [Summer Dresses - My Store] but found [Dresses - My Store]
	at com.atmecs.falcon.automation.verifyresult.VerificationManager.verifyString(VerificationManager.java:228)
	at com.qa.automation.mystoreapplication.pages.ShoppingPage.addSummerDress(ShoppingPage.java:121)
	at com.qa.automation.mystoreapplication.testscript.TC_001_PlacingOrderFromMyStoreApplication.verifyCheckout(TC_001_PlacingOrderFromMyStoreApplication.java:144)
	at java.util.concurrent.ThreadPoolExecutor.runWorker(ThreadPoolExecutor.java:1149)
	at java.util.concurrent.ThreadPoolExecutor$Worker.run(ThreadPoolExecutor.java:624)
	at java.lang.Thread.run(Thread.java:748)
... Removed 23 stack frames]]>
    </failure>
  </testcase> <!-- verifyCheckout -->
  <testcase name="verifyOrderDetails" time="38.028" classname="com.qa.automation.mystoreapplication.testscript.TC_001_PlacingOrderFromMyStoreApplication"/>
</testsuite> <!-- Testcase for placing Order from mystore app -->
