<html>
<head>
<title>TestNG:  Testcase for placing Order from mystore app</title>
<link href="../testng.css" rel="stylesheet" type="text/css" />
<link href="../my-testng.css" rel="stylesheet" type="text/css" />

<style type="text/css">
.log { display: none;} 
.stack-trace { display: none;} 
</style>
<script type="text/javascript">
<!--
function flip(e) {
  current = e.style.display;
  if (current == 'block') {
    e.style.display = 'none';
    return 0;
  }
  else {
    e.style.display = 'block';
    return 1;
  }
}

function toggleBox(szDivId, elem, msg1, msg2)
{
  var res = -1;  if (document.getElementById) {
    res = flip(document.getElementById(szDivId));
  }
  else if (document.all) {
    // this is the way old msie versions work
    res = flip(document.all[szDivId]);
  }
  if(elem) {
    if(res == 0) elem.innerHTML = msg1; else elem.innerHTML = msg2;
  }

}

function toggleAllBoxes() {
  if (document.getElementsByTagName) {
    d = document.getElementsByTagName('div');
    for (i = 0; i < d.length; i++) {
      if (d[i].className == 'log') {
        flip(d[i]);
      }
    }
  }
}

// -->
</script>

</head>
<body>
<h2 align='center'>Testcase for placing Order from mystore app</h2><table border='1' align="center">
<tr>
<td>Tests passed/Failed/Skipped:</td><td>4/0/0</td>
</tr><tr>
<td>Started on:</td><td>Thu Apr 16 20:44:51 IST 2020</td>
</tr>
<tr><td>Total time:</td><td>707 seconds (707461 ms)</td>
</tr><tr>
<td>Included groups:</td><td></td>
</tr><tr>
<td>Excluded groups:</td><td></td>
</tr>
</table><p/>
<small><i>(Hover the method name to see the test class name)</i></small><p/>
<table width='100%' border='1' class='invocation-failed'>
<tr><td colspan='4' align='center'><b>FAILED TESTS</b></td></tr>
<tr><td><b>Test method</b></td>
<td width="30%"><b>Exception</b></td>
<td width="10%"><b>Time (seconds)</b></td>
<td><b>Instance</b></td>
</tr>
<tr>
<td title='com.qa.automation.mystoreapplication.testscript.TC_001_PlacingOrderFromMyStoreApplication.verifyCheckout()'><b>verifyCheckout</b><br>Test class: com.qa.automation.mystoreapplication.testscript.TC_001_PlacingOrderFromMyStoreApplication<br/>
<a href="#Output-1317088809" onClick='toggleBox("Output-1317088809", this, "Show output", "Hide output");'>Show output</a>

<a href="#Output-1317088809" onClick="toggleAllBoxes();">Show all outputs</a>
<div class='log' id="Output-1317088809">
clicking on sign in link<br/>
Enter user name<br/>
enter the password<br/>
click on sign in button<br/>
Adding item into cart<br/>
Click on dresses<br/>
click on casual dresses category<br/>
PASS : Verifying casual dress title : ACTUAL : Casual Dresses - My Store 	EXPECTED :Casual Dresses - My Store<br/>
selecting the product from casual dress category<br/>
updating the item size<br/>
click on add to cart button<br/>
click on continue shopping button<br/>
click on dresses<br/>
click on everning dresses category<br/>
PASS : Verifying Evening dress title : ACTUAL : Evening Dresses - My Store 	EXPECTED :Evening Dresses - My Store<br/>
selecting the product from everning dress category<br/>
updating the item size<br/>
click on add to cart button<br/>
click on continue shopping button<br/>
click on dresses<br/>
click on summer dresses category<br/>
FAIL : Verifing Summer dress title expected [Summer Dresses - My Store] but found [Dresses - My Store]: ACTUAL : Dresses - My Store 	EXPECTED :Summer Dresses - My Store<br/>
selecting the product from summary dresses category <br/>
updating the item size<br/>
click on add to cart button<br/>
click on proceed to checkout button<br/>
PASS : verifying number of products added to cart : ACTUAL : 3 	EXPECTED :3<br/>
PASS : Verifying address on address page : ACTUAL : hyd, Illinois 32634 	EXPECTED :hyd, Illinois 32634<br/>
click on proceed to checkout button on address page<br/>
PASS : Verifying shipping page heading : ACTUAL : SHIPPING 	EXPECTED :SHIPPING<br/>
Accept the terms and conditions<br/>
click on checkout button<br/>
clicking on the pay by check link<br/>
clicking on the confirm order button<br/>
PASS : verify order confirmaiton : ACTUAL : Your order on My Store is complete. 	EXPECTED :Your order on My Store is complete.<br/>
FAIL : Error occurred, capturing screenshot; refer to ERROR tab for more details<br/>
Unknown error cannot upload screenshot to server : Connection timed out: connect<br/>
Unknown error cannot upload screenshot to server : Connection timed out: connect<br/>
</div>
</td>
<td><div><pre>java.lang.AssertionError: expected [Summer Dresses - My Store] but found [Dresses - My Store]
	at com.atmecs.falcon.automation.verifyresult.VerificationManager.verifyString(VerificationManager.java:228)
	at com.qa.automation.mystoreapplication.pages.ShoppingPage.addSummerDress(ShoppingPage.java:121)
	at com.qa.automation.mystoreapplication.testscript.TC_001_PlacingOrderFromMyStoreApplication.verifyCheckout(TC_001_PlacingOrderFromMyStoreApplication.java:144)
	at java.util.concurrent.ThreadPoolExecutor.runWorker(ThreadPoolExecutor.java:1149)
	at java.util.concurrent.ThreadPoolExecutor$Worker.run(ThreadPoolExecutor.java:624)
	at java.lang.Thread.run(Thread.java:748)
... Removed 23 stack frames</pre></div><a href='#' onClick='toggleBox("stack-trace1317088809", this, "Click to show all stack frames", "Click to hide stack frames")'>Click to show all stack frames</a>
<div class='stack-trace' id='stack-trace1317088809'><pre>java.lang.AssertionError: expected [Summer Dresses - My Store] but found [Dresses - My Store]
	at org.testng.Assert.fail(Assert.java:94)
	at org.testng.Assert.failNotEquals(Assert.java:496)
	at org.testng.Assert.assertEquals(Assert.java:125)
	at org.testng.Assert.assertEquals(Assert.java:178)
	at org.testng.Assert.assertEquals(Assert.java:188)
	at com.atmecs.falcon.automation.verifyresult.VerificationManager.verifyString(VerificationManager.java:228)
	at com.qa.automation.mystoreapplication.pages.ShoppingPage.addSummerDress(ShoppingPage.java:121)
	at com.qa.automation.mystoreapplication.testscript.TC_001_PlacingOrderFromMyStoreApplication.verifyCheckout(TC_001_PlacingOrderFromMyStoreApplication.java:144)
	at sun.reflect.NativeMethodAccessorImpl.invoke0(Native Method)
	at sun.reflect.NativeMethodAccessorImpl.invoke(NativeMethodAccessorImpl.java:62)
	at sun.reflect.DelegatingMethodAccessorImpl.invoke(DelegatingMethodAccessorImpl.java:43)
	at java.lang.reflect.Method.invoke(Method.java:498)
	at org.testng.internal.MethodInvocationHelper.invokeMethod(MethodInvocationHelper.java:85)
	at org.testng.internal.Invoker.invokeMethod(Invoker.java:639)
	at org.testng.internal.Invoker.invokeTestMethod(Invoker.java:816)
	at org.testng.internal.Invoker.invokeTestMethods(Invoker.java:1124)
	at org.testng.internal.TestMethodWorker.invokeTestMethods(TestMethodWorker.java:125)
	at org.testng.internal.TestMethodWorker.run(TestMethodWorker.java:108)
	at org.testng.TestRunner.privateRun(TestRunner.java:774)
	at org.testng.TestRunner.run(TestRunner.java:624)
	at org.testng.SuiteRunner.runTest(SuiteRunner.java:359)
	at org.testng.SuiteRunner.runSequentially(SuiteRunner.java:354)
	at org.testng.SuiteRunner.privateRun(SuiteRunner.java:312)
	at org.testng.SuiteRunner.run(SuiteRunner.java:261)
	at org.testng.SuiteRunnerWorker.runSuite(SuiteRunnerWorker.java:52)
	at org.testng.SuiteRunnerWorker.run(SuiteRunnerWorker.java:86)
	at java.util.concurrent.ThreadPoolExecutor.runWorker(ThreadPoolExecutor.java:1149)
	at java.util.concurrent.ThreadPoolExecutor$Worker.run(ThreadPoolExecutor.java:624)
	at java.lang.Thread.run(Thread.java:748)
</pre></div></td>
<td>247</td>
<td>com.qa.automation.mystoreapplication.testscript.TC_001_PlacingOrderFromMyStoreApplication@6c599dc2</td></tr>
</table><p>
<table width='100%' border='1' class='invocation-passed'>
<tr><td colspan='4' align='center'><b>PASSED TESTS</b></td></tr>
<tr><td><b>Test method</b></td>
<td width="30%"><b>Exception</b></td>
<td width="10%"><b>Time (seconds)</b></td>
<td><b>Instance</b></td>
</tr>
<tr>
<td title='com.qa.automation.mystoreapplication.testscript.TC_001_PlacingOrderFromMyStoreApplication.verifyAddCasualDressToCart()'><b>verifyAddCasualDressToCart</b><br>Test class: com.qa.automation.mystoreapplication.testscript.TC_001_PlacingOrderFromMyStoreApplication<br/>
<a href="#Output-491334952" onClick='toggleBox("Output-491334952", this, "Show output", "Hide output");'>Show output</a>

<a href="#Output-491334952" onClick="toggleAllBoxes();">Show all outputs</a>
<div class='log' id="Output-491334952">
clicking on sign in link<br/>
Enter user name<br/>
enter the password<br/>
click on sign in button<br/>
PASS : Verify my account page title : ACTUAL : My account - My Store 	EXPECTED :My account - My Store<br/>
Click on dresses<br/>
click on casual dresses category<br/>
PASS : Verifying casual dress title : ACTUAL : Casual Dresses - My Store 	EXPECTED :Casual Dresses - My Store<br/>
selecting the product from casual dress category<br/>
click on add to cart button<br/>
click on continue shopping button<br/>
PASS : verifying number of products added to cart : ACTUAL : 1 	EXPECTED :1<br/>
</div>
</td>
<td></td>
<td>94</td>
<td>com.qa.automation.mystoreapplication.testscript.TC_001_PlacingOrderFromMyStoreApplication@6c599dc2</td></tr>
<tr>
<td title='com.qa.automation.mystoreapplication.testscript.TC_001_PlacingOrderFromMyStoreApplication.verifyAddEveningDressToCart()'><b>verifyAddEveningDressToCart</b><br>Test class: com.qa.automation.mystoreapplication.testscript.TC_001_PlacingOrderFromMyStoreApplication<br/>
<a href="#Output-1272214405" onClick='toggleBox("Output-1272214405", this, "Show output", "Hide output");'>Show output</a>

<a href="#Output-1272214405" onClick="toggleAllBoxes();">Show all outputs</a>
<div class='log' id="Output-1272214405">
clicking on sign in link<br/>
Enter user name<br/>
enter the password<br/>
click on sign in button<br/>
PASS : Verify my account page title : ACTUAL : My account - My Store 	EXPECTED :My account - My Store<br/>
click on dresses<br/>
click on everning dresses category<br/>
PASS : Verifying Evening dress title : ACTUAL : Evening Dresses - My Store 	EXPECTED :Evening Dresses - My Store<br/>
selecting the product from everning dress category<br/>
click on add to cart button<br/>
click on continue shopping button<br/>
PASS : verifying number of products added to cart : ACTUAL : 1 	EXPECTED :1<br/>
</div>
</td>
<td></td>
<td>200</td>
<td>com.qa.automation.mystoreapplication.testscript.TC_001_PlacingOrderFromMyStoreApplication@6c599dc2</td></tr>
<tr>
<td title='com.qa.automation.mystoreapplication.testscript.TC_001_PlacingOrderFromMyStoreApplication.verifyOrderDetails()'><b>verifyOrderDetails</b><br>Test class: com.qa.automation.mystoreapplication.testscript.TC_001_PlacingOrderFromMyStoreApplication<br/>
<a href="#Output-899352935" onClick='toggleBox("Output-899352935", this, "Show output", "Hide output");'>Show output</a>

<a href="#Output-899352935" onClick="toggleAllBoxes();">Show all outputs</a>
<div class='log' id="Output-899352935">
clicking on sign in link<br/>
Enter user name<br/>
enter the password<br/>
click on sign in button<br/>
click on user name link<br/>
clicking on sign in link<br/>
clicked on reference link<br/>
first product has been verified<br/>
second product has been verified<br/>
third product has been verified<br/>
</div>
</td>
<td></td>
<td>38</td>
<td>com.qa.automation.mystoreapplication.testscript.TC_001_PlacingOrderFromMyStoreApplication@6c599dc2</td></tr>
</table><p>
</body>
</html>