<html>
<head>
<title>TestNG:  Testcase for placing Order from mystore app</title>
<link href="../testng.css" rel="stylesheet" type="text/css" />
<link href="../my-testng.css" rel="stylesheet" type="text/css" />

<style type="text/css">
.log { display: none;} 
.stack-trace { display: none;} 
</style>
<script type="text/javascript">
<!--
function flip(e) {
  current = e.style.display;
  if (current == 'block') {
    e.style.display = 'none';
    return 0;
  }
  else {
    e.style.display = 'block';
    return 1;
  }
}

function toggleBox(szDivId, elem, msg1, msg2)
{
  var res = -1;  if (document.getElementById) {
    res = flip(document.getElementById(szDivId));
  }
  else if (document.all) {
    // this is the way old msie versions work
    res = flip(document.all[szDivId]);
  }
  if(elem) {
    if(res == 0) elem.innerHTML = msg1; else elem.innerHTML = msg2;
  }

}

function toggleAllBoxes() {
  if (document.getElementsByTagName) {
    d = document.getElementsByTagName('div');
    for (i = 0; i < d.length; i++) {
      if (d[i].className == 'log') {
        flip(d[i]);
      }
    }
  }
}

// -->
</script>

</head>
<body>
<h2 align='center'>Testcase for placing Order from mystore app</h2><table border='1' align="center">
<tr>
<td>Tests passed/Failed/Skipped:</td><td>0/0/7</td>
</tr><tr>
<td>Started on:</td><td>Fri Apr 24 13:15:29 IST 2020</td>
</tr>
<tr><td>Total time:</td><td>88 seconds (88494 ms)</td>
</tr><tr>
<td>Included groups:</td><td></td>
</tr><tr>
<td>Excluded groups:</td><td></td>
</tr>
</table><p/>
<small><i>(Hover the method name to see the test class name)</i></small><p/>
<table width='100%' border='1' class='invocation-failed'>
<tr><td colspan='4' align='center'><b>FAILED CONFIGURATIONS</b></td></tr>
<tr><td><b>Test method</b></td>
<td width="30%"><b>Exception</b></td>
<td width="10%"><b>Time (seconds)</b></td>
<td><b>Instance</b></td>
</tr>
<tr>
<td title='com.qa.automation.mystoreapplication.testscript.TC_0001_PlacingOrderFromMyStoreApp.launchApplication()'><b>launchApplication</b><br>Test class: com.qa.automation.mystoreapplication.testscript.TC_0001_PlacingOrderFromMyStoreApp<br>Parameters: WIN, 10, chrome, 80</td>
<td><div><pre>org.openqa.selenium.NoSuchWindowException: no such window: target window already closed
from unknown error: web view not found
  (Session info: chrome=81.0.4044.122)
Build info: version: &apos;3.6.0&apos;, revision: &apos;6fbf3ec767&apos;, time: &apos;2017-09-27T15:28:36.4Z&apos;
System info: host: &apos;ATMECSINLT-269&apos;, ip: &apos;192.168.1.106&apos;, os.name: &apos;Windows 10&apos;, os.arch: &apos;amd64&apos;, os.version: &apos;10.0&apos;, java.version: &apos;1.8.0_191&apos;
Driver info: org.openqa.selenium.remote.RemoteWebDriver
Capabilities [{networkConnectionEnabled=false, chrome={chromedriverVersion=80.0.3987.106 (f68069574609230cf9b635cd784cfb1bf81bb53a-refs/branch-heads/3987@{#882}), userDataDir=C:\Users\mir.ali\AppData\Local\Temp\scoped_dir13416_1108757688}, timeouts={implicit=0, pageLoad=300000, script=30000}, pageLoadStrategy=normal, unhandledPromptBehavior=dismiss and notify, strictFileInteractability=false, platform=WINDOWS, proxy=Proxy(), goog:chromeOptions={debuggerAddress=localhost:53456}, acceptInsecureCerts=false, browserVersion=81.0.4044.122, browserName=chrome, javascriptEnabled=true, platformName=WINDOWS, setWindowRect=true}]
Session ID: ff4dec5631640c0be2de70b6e2c9153d
	at org.openqa.selenium.remote.http.W3CHttpResponseCodec.createException(W3CHttpResponseCodec.java:185)
	at org.openqa.selenium.remote.http.W3CHttpResponseCodec.decode(W3CHttpResponseCodec.java:120)
	at org.openqa.selenium.remote.http.W3CHttpResponseCodec.decode(W3CHttpResponseCodec.java:49)
	at org.openqa.selenium.remote.HttpCommandExecutor.execute(HttpCommandExecutor.java:164)
	at org.openqa.selenium.remote.RemoteWebDriver.execute(RemoteWebDriver.java:586)
	at org.openqa.selenium.remote.RemoteWebDriver.execute(RemoteWebDriver.java:643)
	at org.openqa.selenium.remote.RemoteWebDriver$RemoteWebDriverOptions$RemoteWindow.maximize(RemoteWebDriver.java:877)
	at com.atmecs.falcon.automation.ui.selenium.Browser.maximizeWindow(Browser.java:294)
	at com.qa.automation.mystoreapplication.testsuite.TestSuiteBase.launchApplication(TestSuiteBase.java:79)
	at com.qa.automation.mystoreapplication.runner.TestNGRunner.main(TestNGRunner.java:58)
	at org.codehaus.mojo.exec.ExecJavaMojo$1.run(ExecJavaMojo.java:294)
	at java.lang.Thread.run(Thread.java:748)
... Removed 29 stack frames</pre></div><a href='#' onClick='toggleBox("stack-trace261583658", this, "Click to show all stack frames", "Click to hide stack frames")'>Click to show all stack frames</a>
<div class='stack-trace' id='stack-trace261583658'><pre>org.openqa.selenium.NoSuchWindowException: no such window: target window already closed
from unknown error: web view not found
  (Session info: chrome=81.0.4044.122)
Build info: version: &apos;3.6.0&apos;, revision: &apos;6fbf3ec767&apos;, time: &apos;2017-09-27T15:28:36.4Z&apos;
System info: host: &apos;ATMECSINLT-269&apos;, ip: &apos;192.168.1.106&apos;, os.name: &apos;Windows 10&apos;, os.arch: &apos;amd64&apos;, os.version: &apos;10.0&apos;, java.version: &apos;1.8.0_191&apos;
Driver info: org.openqa.selenium.remote.RemoteWebDriver
Capabilities [{networkConnectionEnabled=false, chrome={chromedriverVersion=80.0.3987.106 (f68069574609230cf9b635cd784cfb1bf81bb53a-refs/branch-heads/3987@{#882}), userDataDir=C:\Users\mir.ali\AppData\Local\Temp\scoped_dir13416_1108757688}, timeouts={implicit=0, pageLoad=300000, script=30000}, pageLoadStrategy=normal, unhandledPromptBehavior=dismiss and notify, strictFileInteractability=false, platform=WINDOWS, proxy=Proxy(), goog:chromeOptions={debuggerAddress=localhost:53456}, acceptInsecureCerts=false, browserVersion=81.0.4044.122, browserName=chrome, javascriptEnabled=true, platformName=WINDOWS, setWindowRect=true}]
Session ID: ff4dec5631640c0be2de70b6e2c9153d
	at sun.reflect.NativeConstructorAccessorImpl.newInstance0(Native Method)
	at sun.reflect.NativeConstructorAccessorImpl.newInstance(NativeConstructorAccessorImpl.java:62)
	at sun.reflect.DelegatingConstructorAccessorImpl.newInstance(DelegatingConstructorAccessorImpl.java:45)
	at java.lang.reflect.Constructor.newInstance(Constructor.java:423)
	at org.openqa.selenium.remote.http.W3CHttpResponseCodec.createException(W3CHttpResponseCodec.java:185)
	at org.openqa.selenium.remote.http.W3CHttpResponseCodec.decode(W3CHttpResponseCodec.java:120)
	at org.openqa.selenium.remote.http.W3CHttpResponseCodec.decode(W3CHttpResponseCodec.java:49)
	at org.openqa.selenium.remote.HttpCommandExecutor.execute(HttpCommandExecutor.java:164)
	at org.openqa.selenium.remote.RemoteWebDriver.execute(RemoteWebDriver.java:586)
	at org.openqa.selenium.remote.RemoteWebDriver.execute(RemoteWebDriver.java:643)
	at org.openqa.selenium.remote.RemoteWebDriver$RemoteWebDriverOptions$RemoteWindow.maximize(RemoteWebDriver.java:877)
	at com.atmecs.falcon.automation.ui.selenium.Browser.maximizeWindow(Browser.java:294)
	at com.qa.automation.mystoreapplication.testsuite.TestSuiteBase.launchApplication(TestSuiteBase.java:79)
	at sun.reflect.NativeMethodAccessorImpl.invoke0(Native Method)
	at sun.reflect.NativeMethodAccessorImpl.invoke(NativeMethodAccessorImpl.java:62)
	at sun.reflect.DelegatingMethodAccessorImpl.invoke(DelegatingMethodAccessorImpl.java:43)
	at java.lang.reflect.Method.invoke(Method.java:498)
	at org.testng.internal.MethodInvocationHelper.invokeMethod(MethodInvocationHelper.java:85)
	at org.testng.internal.Invoker.invokeConfigurationMethod(Invoker.java:510)
	at org.testng.internal.Invoker.invokeConfigurations(Invoker.java:211)
	at org.testng.internal.Invoker.invokeConfigurations(Invoker.java:138)
	at org.testng.internal.TestMethodWorker.invokeBeforeClassMethods(TestMethodWorker.java:170)
	at org.testng.internal.TestMethodWorker.run(TestMethodWorker.java:104)
	at org.testng.TestRunner.privateRun(TestRunner.java:774)
	at org.testng.TestRunner.run(TestRunner.java:624)
	at org.testng.SuiteRunner.runTest(SuiteRunner.java:359)
	at org.testng.SuiteRunner.runSequentially(SuiteRunner.java:354)
	at org.testng.SuiteRunner.privateRun(SuiteRunner.java:312)
	at org.testng.SuiteRunner.run(SuiteRunner.java:261)
	at org.testng.SuiteRunnerWorker.runSuite(SuiteRunnerWorker.java:52)
	at org.testng.SuiteRunnerWorker.run(SuiteRunnerWorker.java:86)
	at org.testng.TestNG.runSuitesSequentially(TestNG.java:1215)
	at org.testng.TestNG.runSuitesLocally(TestNG.java:1140)
	at org.testng.TestNG.run(TestNG.java:1048)
	at com.qa.automation.mystoreapplication.runner.TestNGRunner.main(TestNGRunner.java:58)
	at sun.reflect.NativeMethodAccessorImpl.invoke0(Native Method)
	at sun.reflect.NativeMethodAccessorImpl.invoke(NativeMethodAccessorImpl.java:62)
	at sun.reflect.DelegatingMethodAccessorImpl.invoke(DelegatingMethodAccessorImpl.java:43)
	at java.lang.reflect.Method.invoke(Method.java:498)
	at org.codehaus.mojo.exec.ExecJavaMojo$1.run(ExecJavaMojo.java:294)
	at java.lang.Thread.run(Thread.java:748)
</pre></div></td>
<td>0</td>
<td>com.qa.automation.mystoreapplication.testscript.TC_0001_PlacingOrderFromMyStoreApp@2d358196</td></tr>
</table><p>
<table width='100%' border='1' class='invocation-skipped'>
<tr><td colspan='4' align='center'><b>SKIPPED CONFIGURATIONS</b></td></tr>
<tr><td><b>Test method</b></td>
<td width="30%"><b>Exception</b></td>
<td width="10%"><b>Time (seconds)</b></td>
<td><b>Instance</b></td>
</tr>
<tr>
<td title='com.qa.automation.mystoreapplication.testscript.TC_0001_PlacingOrderFromMyStoreApp.signOutApp()'><b>signOutApp</b><br>Test class: com.qa.automation.mystoreapplication.testscript.TC_0001_PlacingOrderFromMyStoreApp</td>
<td></td>
<td>0</td>
<td>com.qa.automation.mystoreapplication.testscript.TC_0001_PlacingOrderFromMyStoreApp@2d358196</td></tr>
<tr>
<td title='com.qa.automation.mystoreapplication.testscript.TC_0001_PlacingOrderFromMyStoreApp.signOutApp()'><b>signOutApp</b><br>Test class: com.qa.automation.mystoreapplication.testscript.TC_0001_PlacingOrderFromMyStoreApp</td>
<td></td>
<td>0</td>
<td>com.qa.automation.mystoreapplication.testscript.TC_0001_PlacingOrderFromMyStoreApp@2d358196</td></tr>
<tr>
<td title='com.qa.automation.mystoreapplication.testscript.TC_0001_PlacingOrderFromMyStoreApp.signOutApp()'><b>signOutApp</b><br>Test class: com.qa.automation.mystoreapplication.testscript.TC_0001_PlacingOrderFromMyStoreApp</td>
<td></td>
<td>0</td>
<td>com.qa.automation.mystoreapplication.testscript.TC_0001_PlacingOrderFromMyStoreApp@2d358196</td></tr>
<tr>
<td title='com.qa.automation.mystoreapplication.testscript.TC_0001_PlacingOrderFromMyStoreApp.signOutApp()'><b>signOutApp</b><br>Test class: com.qa.automation.mystoreapplication.testscript.TC_0001_PlacingOrderFromMyStoreApp</td>
<td></td>
<td>0</td>
<td>com.qa.automation.mystoreapplication.testscript.TC_0001_PlacingOrderFromMyStoreApp@2d358196</td></tr>
<tr>
<td title='com.qa.automation.mystoreapplication.testscript.TC_0001_PlacingOrderFromMyStoreApp.signOutApp()'><b>signOutApp</b><br>Test class: com.qa.automation.mystoreapplication.testscript.TC_0001_PlacingOrderFromMyStoreApp</td>
<td></td>
<td>0</td>
<td>com.qa.automation.mystoreapplication.testscript.TC_0001_PlacingOrderFromMyStoreApp@2d358196</td></tr>
<tr>
<td title='com.qa.automation.mystoreapplication.testscript.TC_0001_PlacingOrderFromMyStoreApp.signOutApp()'><b>signOutApp</b><br>Test class: com.qa.automation.mystoreapplication.testscript.TC_0001_PlacingOrderFromMyStoreApp</td>
<td></td>
<td>0</td>
<td>com.qa.automation.mystoreapplication.testscript.TC_0001_PlacingOrderFromMyStoreApp@2d358196</td></tr>
<tr>
<td title='com.qa.automation.mystoreapplication.testscript.TC_0001_PlacingOrderFromMyStoreApp.signOutApp()'><b>signOutApp</b><br>Test class: com.qa.automation.mystoreapplication.testscript.TC_0001_PlacingOrderFromMyStoreApp</td>
<td></td>
<td>0</td>
<td>com.qa.automation.mystoreapplication.testscript.TC_0001_PlacingOrderFromMyStoreApp@2d358196</td></tr>
</table><p>
<table width='100%' border='1' class='invocation-skipped'>
<tr><td colspan='4' align='center'><b>SKIPPED TESTS</b></td></tr>
<tr><td><b>Test method</b></td>
<td width="30%"><b>Exception</b></td>
<td width="10%"><b>Time (seconds)</b></td>
<td><b>Instance</b></td>
</tr>
<tr>
<td title='com.qa.automation.mystoreapplication.testscript.TC_0001_PlacingOrderFromMyStoreApp.performSignINAndVerifyProductCategoriesOnHomePage()'><b>performSignINAndVerifyProductCategoriesOnHomePage</b><br>Test class: com.qa.automation.mystoreapplication.testscript.TC_0001_PlacingOrderFromMyStoreApp<br>Parameters: testautomation7416@gmail.com, test123</td>
<td></td>
<td>0</td>
<td>com.qa.automation.mystoreapplication.testscript.TC_0001_PlacingOrderFromMyStoreApp@2d358196</td></tr>
<tr>
<td title='com.qa.automation.mystoreapplication.testscript.TC_0001_PlacingOrderFromMyStoreApp.verifyAddressDetailsOnAddresssPage()'><b>verifyAddressDetailsOnAddresssPage</b><br>Test class: com.qa.automation.mystoreapplication.testscript.TC_0001_PlacingOrderFromMyStoreApp</td>
<td></td>
<td>0</td>
<td>com.qa.automation.mystoreapplication.testscript.TC_0001_PlacingOrderFromMyStoreApp@2d358196</td></tr>
<tr>
<td title='com.qa.automation.mystoreapplication.testscript.TC_0001_PlacingOrderFromMyStoreApp.verifyCheckout()'><b>verifyCheckout</b><br>Test class: com.qa.automation.mystoreapplication.testscript.TC_0001_PlacingOrderFromMyStoreApp</td>
<td></td>
<td>0</td>
<td>com.qa.automation.mystoreapplication.testscript.TC_0001_PlacingOrderFromMyStoreApp@2d358196</td></tr>
<tr>
<td title='com.qa.automation.mystoreapplication.testscript.TC_0001_PlacingOrderFromMyStoreApp.verifyOrderDetails()'><b>verifyOrderDetails</b><br>Test class: com.qa.automation.mystoreapplication.testscript.TC_0001_PlacingOrderFromMyStoreApp</td>
<td></td>
<td>0</td>
<td>com.qa.automation.mystoreapplication.testscript.TC_0001_PlacingOrderFromMyStoreApp@2d358196</td></tr>
<tr>
<td title='com.qa.automation.mystoreapplication.testscript.TC_0001_PlacingOrderFromMyStoreApp.verifyProductDetailsAndCartTextOnProductDetailsPage()'><b>verifyProductDetailsAndCartTextOnProductDetailsPage</b><br>Test class: com.qa.automation.mystoreapplication.testscript.TC_0001_PlacingOrderFromMyStoreApp</td>
<td></td>
<td>0</td>
<td>com.qa.automation.mystoreapplication.testscript.TC_0001_PlacingOrderFromMyStoreApp@2d358196</td></tr>
<tr>
<td title='com.qa.automation.mystoreapplication.testscript.TC_0001_PlacingOrderFromMyStoreApp.verifyProductDetailsOnPaymentPage()'><b>verifyProductDetailsOnPaymentPage</b><br>Test class: com.qa.automation.mystoreapplication.testscript.TC_0001_PlacingOrderFromMyStoreApp</td>
<td></td>
<td>0</td>
<td>com.qa.automation.mystoreapplication.testscript.TC_0001_PlacingOrderFromMyStoreApp@2d358196</td></tr>
<tr>
<td title='com.qa.automation.mystoreapplication.testscript.TC_0001_PlacingOrderFromMyStoreApp.verifyProductDetailsOnShoppingCartSummary()'><b>verifyProductDetailsOnShoppingCartSummary</b><br>Test class: com.qa.automation.mystoreapplication.testscript.TC_0001_PlacingOrderFromMyStoreApp</td>
<td></td>
<td>0</td>
<td>com.qa.automation.mystoreapplication.testscript.TC_0001_PlacingOrderFromMyStoreApp@2d358196</td></tr>
</table><p>
</body>
</html>