<?xml version="1.0" encoding="UTF-8"?>
<!-- Generated by org.testng.reporters.JUnitXMLReporter -->
<testsuite hostname="ATMECSINLT-269" name="Testcase for placing Order from mystore app" tests="7" failures="0" timestamp="24 Apr 2020 07:46:58 GMT" time="88.494" errors="0">
  <testcase name="@BeforeClass launchApplication" time="0.0" classname="com.qa.automation.mystoreapplication.testscript.TC_0001_PlacingOrderFromMyStoreApp">
    <failure type="org.openqa.selenium.NoSuchWindowException" message="no such window: target window already closed
from unknown error: web view not found
  (Session info: chrome=81.0.4044.122)
Build info: version: &amp;apos;3.6.0&amp;apos;, revision: &amp;apos;6fbf3ec767&amp;apos;, time: &amp;apos;2017-09-27T15:28:36.4Z&amp;apos;
System info: host: &amp;apos;ATMECSINLT-269&amp;apos;, ip: &amp;apos;192.168.1.106&amp;apos;, os.name: &amp;apos;Windows 10&amp;apos;, os.arch: &amp;apos;amd64&amp;apos;, os.version: &amp;apos;10.0&amp;apos;, java.version: &amp;apos;1.8.0_191&amp;apos;
Driver info: org.openqa.selenium.remote.RemoteWebDriver
Capabilities [{networkConnectionEnabled=false, chrome={chromedriverVersion=80.0.3987.106 (f68069574609230cf9b635cd784cfb1bf81bb53a-refs/branch-heads/3987@{#882}), userDataDir=C:\Users\mir.ali\AppData\Local\Temp\scoped_dir13416_1108757688}, timeouts={implicit=0, pageLoad=300000, script=30000}, pageLoadStrategy=normal, unhandledPromptBehavior=dismiss and notify, strictFileInteractability=false, platform=WINDOWS, proxy=Proxy(), goog:chromeOptions={debuggerAddress=localhost:53456}, acceptInsecureCerts=false, browserVersion=81.0.4044.122, browserName=chrome, javascriptEnabled=true, platformName=WINDOWS, setWindowRect=true}]
Session ID: ff4dec5631640c0be2de70b6e2c9153d">
      <![CDATA[org.openqa.selenium.NoSuchWindowException: no such window: target window already closed
from unknown error: web view not found
  (Session info: chrome=81.0.4044.122)
Build info: version: '3.6.0', revision: '6fbf3ec767', time: '2017-09-27T15:28:36.4Z'
System info: host: 'ATMECSINLT-269', ip: '192.168.1.106', os.name: 'Windows 10', os.arch: 'amd64', os.version: '10.0', java.version: '1.8.0_191'
Driver info: org.openqa.selenium.remote.RemoteWebDriver
Capabilities [{networkConnectionEnabled=false, chrome={chromedriverVersion=80.0.3987.106 (f68069574609230cf9b635cd784cfb1bf81bb53a-refs/branch-heads/3987@{#882}), userDataDir=C:\Users\mir.ali\AppData\Local\Temp\scoped_dir13416_1108757688}, timeouts={implicit=0, pageLoad=300000, script=30000}, pageLoadStrategy=normal, unhandledPromptBehavior=dismiss and notify, strictFileInteractability=false, platform=WINDOWS, proxy=Proxy(), goog:chromeOptions={debuggerAddress=localhost:53456}, acceptInsecureCerts=false, browserVersion=81.0.4044.122, browserName=chrome, javascriptEnabled=true, platformName=WINDOWS, setWindowRect=true}]
Session ID: ff4dec5631640c0be2de70b6e2c9153d
	at org.openqa.selenium.remote.http.W3CHttpResponseCodec.createException(W3CHttpResponseCodec.java:185)
	at org.openqa.selenium.remote.http.W3CHttpResponseCodec.decode(W3CHttpResponseCodec.java:120)
	at org.openqa.selenium.remote.http.W3CHttpResponseCodec.decode(W3CHttpResponseCodec.java:49)
	at org.openqa.selenium.remote.HttpCommandExecutor.execute(HttpCommandExecutor.java:164)
	at org.openqa.selenium.remote.RemoteWebDriver.execute(RemoteWebDriver.java:586)
	at org.openqa.selenium.remote.RemoteWebDriver.execute(RemoteWebDriver.java:643)
	at org.openqa.selenium.remote.RemoteWebDriver$RemoteWebDriverOptions$RemoteWindow.maximize(RemoteWebDriver.java:877)
	at com.atmecs.falcon.automation.ui.selenium.Browser.maximizeWindow(Browser.java:294)
	at com.qa.automation.mystoreapplication.testsuite.TestSuiteBase.launchApplication(TestSuiteBase.java:79)
	at com.qa.automation.mystoreapplication.runner.TestNGRunner.main(TestNGRunner.java:58)
	at org.codehaus.mojo.exec.ExecJavaMojo$1.run(ExecJavaMojo.java:294)
	at java.lang.Thread.run(Thread.java:748)
... Removed 29 stack frames]]>
    </failure>
  </testcase> <!-- @BeforeClass launchApplication -->
  <testcase name="@AfterMethod signOutApp" time="0.0" classname="com.qa.automation.mystoreapplication.testscript.TC_0001_PlacingOrderFromMyStoreApp">
    <skipped/>
  </testcase> <!-- @AfterMethod signOutApp -->
  <testcase name="@AfterMethod signOutApp" time="0.0" classname="com.qa.automation.mystoreapplication.testscript.TC_0001_PlacingOrderFromMyStoreApp">
    <skipped/>
  </testcase> <!-- @AfterMethod signOutApp -->
  <testcase name="@AfterMethod signOutApp" time="0.0" classname="com.qa.automation.mystoreapplication.testscript.TC_0001_PlacingOrderFromMyStoreApp">
    <skipped/>
  </testcase> <!-- @AfterMethod signOutApp -->
  <testcase name="@AfterMethod signOutApp" time="0.0" classname="com.qa.automation.mystoreapplication.testscript.TC_0001_PlacingOrderFromMyStoreApp">
    <skipped/>
  </testcase> <!-- @AfterMethod signOutApp -->
  <testcase name="@AfterMethod signOutApp" time="0.0" classname="com.qa.automation.mystoreapplication.testscript.TC_0001_PlacingOrderFromMyStoreApp">
    <skipped/>
  </testcase> <!-- @AfterMethod signOutApp -->
  <testcase name="@AfterMethod signOutApp" time="0.0" classname="com.qa.automation.mystoreapplication.testscript.TC_0001_PlacingOrderFromMyStoreApp">
    <skipped/>
  </testcase> <!-- @AfterMethod signOutApp -->
  <testcase name="@AfterMethod signOutApp" time="0.0" classname="com.qa.automation.mystoreapplication.testscript.TC_0001_PlacingOrderFromMyStoreApp">
    <skipped/>
  </testcase> <!-- @AfterMethod signOutApp -->
  <testcase name="performSignINAndVerifyProductCategoriesOnHomePage" time="0.0" classname="com.qa.automation.mystoreapplication.testscript.TC_0001_PlacingOrderFromMyStoreApp">
    <skipped/>
  </testcase> <!-- performSignINAndVerifyProductCategoriesOnHomePage -->
  <testcase name="verifyProductDetailsAndCartTextOnProductDetailsPage" time="0.0" classname="com.qa.automation.mystoreapplication.testscript.TC_0001_PlacingOrderFromMyStoreApp">
    <skipped/>
  </testcase> <!-- verifyProductDetailsAndCartTextOnProductDetailsPage -->
  <testcase name="verifyProductDetailsOnShoppingCartSummary" time="0.0" classname="com.qa.automation.mystoreapplication.testscript.TC_0001_PlacingOrderFromMyStoreApp">
    <skipped/>
  </testcase> <!-- verifyProductDetailsOnShoppingCartSummary -->
  <testcase name="verifyAddressDetailsOnAddresssPage" time="0.0" classname="com.qa.automation.mystoreapplication.testscript.TC_0001_PlacingOrderFromMyStoreApp">
    <skipped/>
  </testcase> <!-- verifyAddressDetailsOnAddresssPage -->
  <testcase name="verifyProductDetailsOnPaymentPage" time="0.0" classname="com.qa.automation.mystoreapplication.testscript.TC_0001_PlacingOrderFromMyStoreApp">
    <skipped/>
  </testcase> <!-- verifyProductDetailsOnPaymentPage -->
  <testcase name="verifyCheckout" time="0.0" classname="com.qa.automation.mystoreapplication.testscript.TC_0001_PlacingOrderFromMyStoreApp">
    <skipped/>
  </testcase> <!-- verifyCheckout -->
  <testcase name="verifyOrderDetails" time="0.0" classname="com.qa.automation.mystoreapplication.testscript.TC_0001_PlacingOrderFromMyStoreApp">
    <skipped/>
  </testcase> <!-- verifyOrderDetails -->
</testsuite> <!-- Testcase for placing Order from mystore app -->
