<?xml version="1.0" encoding="UTF-8"?>
<!-- Generated by org.testng.reporters.JUnitXMLReporter -->
<testsuite hostname="ATMECSINLT-269" name="Testcase for placing Order from mystore app" tests="7" failures="0" timestamp="22 Apr 2020 18:29:01 GMT" time="69.249" errors="0">
  <testcase name="@BeforeClass launchApplication" time="0.0" classname="com.qa.automation.mystoreapplication.testscript.TC_0002_PlacingOrderFromMyStoreApp">
    <failure type="org.openqa.selenium.WebDriverException" message="TypeError: this.curBrowser.contentBrowser is null
Build info: version: &amp;apos;3.6.0&amp;apos;, revision: &amp;apos;6fbf3ec767&amp;apos;, time: &amp;apos;2017-09-27T15:28:36.4Z&amp;apos;
System info: host: &amp;apos;ATMECSINLT-269&amp;apos;, ip: &amp;apos;192.168.43.218&amp;apos;, os.name: &amp;apos;Windows 10&amp;apos;, os.arch: &amp;apos;amd64&amp;apos;, os.version: &amp;apos;10.0&amp;apos;, java.version: &amp;apos;1.8.0_191&amp;apos;
Driver info: org.openqa.selenium.firefox.FirefoxDriver
Capabilities [{moz:profile=C:\Users\mir.ali\AppData\Local\Temp\rust_mozprofile38JP6i, rotatable=false, moz:geckodriverVersion=0.26.0, timeouts={implicit=0, pageLoad=300000, script=30000}, pageLoadStrategy=normal, unhandledPromptBehavior=dismiss and notify, strictFileInteractability=false, moz:headless=false, platform=WINDOWS, moz:accessibilityChecks=false, moz:useNonSpecCompliantPointerOrigin=false, acceptInsecureCerts=true, browserVersion=75.0, moz:shutdownTimeout=60000, platformVersion=10.0, moz:processID=20084, browserName=firefox, moz:buildID=20200403170909, javascriptEnabled=true, platformName=WINDOWS, setWindowRect=true, moz:webdriverClick=true}]
Session ID: 4d99e45e-5dd6-4567-b05a-39621d8faeda">
      <![CDATA[org.openqa.selenium.WebDriverException: TypeError: this.curBrowser.contentBrowser is null
Build info: version: '3.6.0', revision: '6fbf3ec767', time: '2017-09-27T15:28:36.4Z'
System info: host: 'ATMECSINLT-269', ip: '192.168.43.218', os.name: 'Windows 10', os.arch: 'amd64', os.version: '10.0', java.version: '1.8.0_191'
Driver info: org.openqa.selenium.firefox.FirefoxDriver
Capabilities [{moz:profile=C:\Users\mir.ali\AppData\Local\Temp\rust_mozprofile38JP6i, rotatable=false, moz:geckodriverVersion=0.26.0, timeouts={implicit=0, pageLoad=300000, script=30000}, pageLoadStrategy=normal, unhandledPromptBehavior=dismiss and notify, strictFileInteractability=false, moz:headless=false, platform=WINDOWS, moz:accessibilityChecks=false, moz:useNonSpecCompliantPointerOrigin=false, acceptInsecureCerts=true, browserVersion=75.0, moz:shutdownTimeout=60000, platformVersion=10.0, moz:processID=20084, browserName=firefox, moz:buildID=20200403170909, javascriptEnabled=true, platformName=WINDOWS, setWindowRect=true, moz:webdriverClick=true}]
Session ID: 4d99e45e-5dd6-4567-b05a-39621d8faeda
	at org.openqa.selenium.remote.http.W3CHttpResponseCodec.createException(W3CHttpResponseCodec.java:185)
	at org.openqa.selenium.remote.http.W3CHttpResponseCodec.decode(W3CHttpResponseCodec.java:120)
	at org.openqa.selenium.remote.http.W3CHttpResponseCodec.decode(W3CHttpResponseCodec.java:49)
	at org.openqa.selenium.remote.HttpCommandExecutor.execute(HttpCommandExecutor.java:164)
	at org.openqa.selenium.remote.service.DriverCommandExecutor.execute(DriverCommandExecutor.java:83)
	at org.openqa.selenium.remote.RemoteWebDriver.execute(RemoteWebDriver.java:586)
	at org.openqa.selenium.remote.RemoteWebDriver.get(RemoteWebDriver.java:310)
	at com.atmecs.falcon.automation.ui.selenium.Browser.validateURL(Browser.java:536)
	at com.atmecs.falcon.automation.ui.selenium.Browser.openURL(Browser.java:376)
	at com.qa.automation.mystoreapplication.testsuite.TestSuiteBase.launchApplication(TestSuiteBase.java:70)
	at com.qa.automation.mystoreapplication.runner.TestNGRunner.main(TestNGRunner.java:58)
	at org.codehaus.mojo.exec.ExecJavaMojo$1.run(ExecJavaMojo.java:294)
	at java.lang.Thread.run(Thread.java:748)
... Removed 29 stack frames]]>
    </failure>
  </testcase> <!-- @BeforeClass launchApplication -->
  <testcase name="@AfterMethod signOutApp" time="0.0" classname="com.qa.automation.mystoreapplication.testscript.TC_0002_PlacingOrderFromMyStoreApp">
    <skipped/>
  </testcase> <!-- @AfterMethod signOutApp -->
  <testcase name="@AfterMethod signOutApp" time="0.0" classname="com.qa.automation.mystoreapplication.testscript.TC_0002_PlacingOrderFromMyStoreApp">
    <skipped/>
  </testcase> <!-- @AfterMethod signOutApp -->
  <testcase name="@AfterMethod signOutApp" time="0.0" classname="com.qa.automation.mystoreapplication.testscript.TC_0002_PlacingOrderFromMyStoreApp">
    <skipped/>
  </testcase> <!-- @AfterMethod signOutApp -->
  <testcase name="@AfterMethod signOutApp" time="0.0" classname="com.qa.automation.mystoreapplication.testscript.TC_0002_PlacingOrderFromMyStoreApp">
    <skipped/>
  </testcase> <!-- @AfterMethod signOutApp -->
  <testcase name="@AfterMethod signOutApp" time="0.0" classname="com.qa.automation.mystoreapplication.testscript.TC_0002_PlacingOrderFromMyStoreApp">
    <skipped/>
  </testcase> <!-- @AfterMethod signOutApp -->
  <testcase name="@AfterMethod signOutApp" time="0.0" classname="com.qa.automation.mystoreapplication.testscript.TC_0002_PlacingOrderFromMyStoreApp">
    <skipped/>
  </testcase> <!-- @AfterMethod signOutApp -->
  <testcase name="@AfterMethod signOutApp" time="0.0" classname="com.qa.automation.mystoreapplication.testscript.TC_0002_PlacingOrderFromMyStoreApp">
    <skipped/>
  </testcase> <!-- @AfterMethod signOutApp -->
  <testcase name="performSignIntoMystore" time="0.0" classname="com.qa.automation.mystoreapplication.testscript.TC_0002_PlacingOrderFromMyStoreApp">
    <skipped/>
  </testcase> <!-- performSignIntoMystore -->
  <testcase name="verifyProductDetailsAndCartTextOnAddToCartPage" time="0.002" classname="com.qa.automation.mystoreapplication.testscript.TC_0002_PlacingOrderFromMyStoreApp">
    <skipped/>
  </testcase> <!-- verifyProductDetailsAndCartTextOnAddToCartPage -->
  <testcase name="verifyProductDetailsOnShoppingCartSummary" time="0.0" classname="com.qa.automation.mystoreapplication.testscript.TC_0002_PlacingOrderFromMyStoreApp">
    <skipped/>
  </testcase> <!-- verifyProductDetailsOnShoppingCartSummary -->
  <testcase name="verifyAddressDetailsOnAddresssPage" time="0.0" classname="com.qa.automation.mystoreapplication.testscript.TC_0002_PlacingOrderFromMyStoreApp">
    <skipped/>
  </testcase> <!-- verifyAddressDetailsOnAddresssPage -->
  <testcase name="verifyProductDetailsOnPaymentPage" time="0.0" classname="com.qa.automation.mystoreapplication.testscript.TC_0002_PlacingOrderFromMyStoreApp">
    <skipped/>
  </testcase> <!-- verifyProductDetailsOnPaymentPage -->
  <testcase name="verifyCheckout" time="0.0" classname="com.qa.automation.mystoreapplication.testscript.TC_0002_PlacingOrderFromMyStoreApp">
    <skipped/>
  </testcase> <!-- verifyCheckout -->
  <testcase name="verifyOrderDetails" time="0.0" classname="com.qa.automation.mystoreapplication.testscript.TC_0002_PlacingOrderFromMyStoreApp">
    <skipped/>
  </testcase> <!-- verifyOrderDetails -->
</testsuite> <!-- Testcase for placing Order from mystore app -->
