<?xml version="1.0" encoding="UTF-8"?>
<!-- Generated by org.testng.reporters.JUnitXMLReporter -->
<testsuite hostname="ATMECSINLT-269" name="Testcase for placing Order from mystore app" tests="4" failures="1" timestamp="16 Apr 2020 14:51:02 GMT" time="43.389" errors="0">
  <testcase name="@AfterMethod signOutApp" time="0.0" classname="com.qa.automation.mystoreapplication.testscript.TC_001_PlacingOrderFromMyStoreApplication">
    <failure type="org.openqa.selenium.NoSuchSessionException" message="No such driver (WARNING: The server did not provide any stacktrace information)
Command duration or timeout: 0 milliseconds
Build info: version: &amp;apos;3.6.0&amp;apos;, revision: &amp;apos;6fbf3ec767&amp;apos;, time: &amp;apos;2017-09-27T15:28:36.4Z&amp;apos;
System info: host: &amp;apos;ATMECSINLT-269&amp;apos;, ip: &amp;apos;192.168.1.106&amp;apos;, os.name: &amp;apos;Windows 10&amp;apos;, os.arch: &amp;apos;amd64&amp;apos;, os.version: &amp;apos;10.0&amp;apos;, java.version: &amp;apos;1.8.0_191&amp;apos;
Driver info: org.openqa.selenium.edge.EdgeDriver
Capabilities [{applicationCacheEnabled=true, InPrivate=false, pageLoadStrategy=normal, platform=WINDOWS, acceptSslCerts=true, browserVersion=42.17134.1098.0, platformVersion=10, locationContextEnabled=true, webStorageEnabled=true, browserName=MicrosoftEdge, takesScreenshot=true, takesElementScreenshot=true, javascriptEnabled=true, platformName=WINDOWS}]
Session ID: 28582332-ADAA-4321-B3B7-3B9DD2937784
*** Element info: {Using=xpath, value=//a[@class=&amp;apos;logout&amp;apos;]}">
      <![CDATA[org.openqa.selenium.NoSuchSessionException: No such driver (WARNING: The server did not provide any stacktrace information)
Command duration or timeout: 0 milliseconds
Build info: version: '3.6.0', revision: '6fbf3ec767', time: '2017-09-27T15:28:36.4Z'
System info: host: 'ATMECSINLT-269', ip: '192.168.1.106', os.name: 'Windows 10', os.arch: 'amd64', os.version: '10.0', java.version: '1.8.0_191'
Driver info: org.openqa.selenium.edge.EdgeDriver
Capabilities [{applicationCacheEnabled=true, InPrivate=false, pageLoadStrategy=normal, platform=WINDOWS, acceptSslCerts=true, browserVersion=42.17134.1098.0, platformVersion=10, locationContextEnabled=true, webStorageEnabled=true, browserName=MicrosoftEdge, takesScreenshot=true, takesElementScreenshot=true, javascriptEnabled=true, platformName=WINDOWS}]
Session ID: 28582332-ADAA-4321-B3B7-3B9DD2937784
*** Element info: {Using=xpath, value=//a[@class='logout']}
	at org.openqa.selenium.remote.ErrorHandler.createThrowable(ErrorHandler.java:214)
	at org.openqa.selenium.remote.ErrorHandler.throwIfResponseFailed(ErrorHandler.java:166)
	at org.openqa.selenium.remote.http.JsonHttpResponseCodec.reconstructValue(JsonHttpResponseCodec.java:40)
	at org.openqa.selenium.remote.http.AbstractHttpResponseCodec.decode(AbstractHttpResponseCodec.java:82)
	at org.openqa.selenium.remote.http.AbstractHttpResponseCodec.decode(AbstractHttpResponseCodec.java:45)
	at org.openqa.selenium.remote.HttpCommandExecutor.execute(HttpCommandExecutor.java:164)
	at org.openqa.selenium.remote.service.DriverCommandExecutor.execute(DriverCommandExecutor.java:83)
	at org.openqa.selenium.remote.RemoteWebDriver.execute(RemoteWebDriver.java:586)
	at org.openqa.selenium.remote.RemoteWebDriver.findElement(RemoteWebDriver.java:356)
	at org.openqa.selenium.remote.RemoteWebDriver.findElementByXPath(RemoteWebDriver.java:458)
	at org.openqa.selenium.By$ByXPath.findElement(By.java:361)
	at org.openqa.selenium.remote.RemoteWebDriver.findElement(RemoteWebDriver.java:348)
	at com.atmecs.falcon.automation.ui.selenium.Find.findElementByXpath(Find.java:73)
	at com.atmecs.falcon.automation.ui.selenium.Click.performClick(Click.java:132)
	at com.qa.automation.mystoreapplication.pages.HomePage.clickSignOut(HomePage.java:52)
	at com.qa.automation.mystoreapplication.testscript.TC_001_PlacingOrderFromMyStoreApplication.signOutApp(TC_001_PlacingOrderFromMyStoreApplication.java:189)
	at com.qa.automation.mystoreapplication.runner.TestNGRunner.main(TestNGRunner.java:58)
	at org.codehaus.mojo.exec.ExecJavaMojo$1.run(ExecJavaMojo.java:294)
	at java.lang.Thread.run(Thread.java:748)
... Removed 31 stack frames]]>
    </failure>
  </testcase> <!-- @AfterMethod signOutApp -->
  <testcase name="@BeforeMethod init" time="0.0" classname="com.qa.automation.mystoreapplication.testscript.TC_001_PlacingOrderFromMyStoreApplication">
    <skipped/>
  </testcase> <!-- @BeforeMethod init -->
  <testcase name="@AfterMethod signOutApp" time="0.0" classname="com.qa.automation.mystoreapplication.testscript.TC_001_PlacingOrderFromMyStoreApplication">
    <skipped/>
  </testcase> <!-- @AfterMethod signOutApp -->
  <testcase name="@BeforeMethod init" time="0.0" classname="com.qa.automation.mystoreapplication.testscript.TC_001_PlacingOrderFromMyStoreApplication">
    <skipped/>
  </testcase> <!-- @BeforeMethod init -->
  <testcase name="@AfterMethod signOutApp" time="0.0" classname="com.qa.automation.mystoreapplication.testscript.TC_001_PlacingOrderFromMyStoreApplication">
    <skipped/>
  </testcase> <!-- @AfterMethod signOutApp -->
  <testcase name="@BeforeMethod init" time="0.0" classname="com.qa.automation.mystoreapplication.testscript.TC_001_PlacingOrderFromMyStoreApplication">
    <skipped/>
  </testcase> <!-- @BeforeMethod init -->
  <testcase name="@AfterMethod signOutApp" time="0.0" classname="com.qa.automation.mystoreapplication.testscript.TC_001_PlacingOrderFromMyStoreApplication">
    <skipped/>
  </testcase> <!-- @AfterMethod signOutApp -->
  <testcase name="verifyAddCasualDressToCart" time="10.718" classname="com.qa.automation.mystoreapplication.testscript.TC_001_PlacingOrderFromMyStoreApplication">
    <failure type="java.lang.AssertionError" message="expected [My account - My Store] but found [Login - My Store]">
      <![CDATA[java.lang.AssertionError: expected [My account - My Store] but found [Login - My Store]
	at com.atmecs.falcon.automation.verifyresult.VerificationManager.verifyString(VerificationManager.java:228)
	at com.qa.automation.mystoreapplication.pages.HomePage.verifyMyAccountPageTitle(HomePage.java:67)
	at com.qa.automation.mystoreapplication.testscript.TC_001_PlacingOrderFromMyStoreApplication.verifyAddCasualDressToCart(TC_001_PlacingOrderFromMyStoreApplication.java:47)
	at com.qa.automation.mystoreapplication.runner.TestNGRunner.main(TestNGRunner.java:58)
	at org.codehaus.mojo.exec.ExecJavaMojo$1.run(ExecJavaMojo.java:294)
	at java.lang.Thread.run(Thread.java:748)
... Removed 30 stack frames]]>
    </failure>
  </testcase> <!-- verifyAddCasualDressToCart -->
  <testcase name="verifyAddEveningDressToCart" time="0.0" classname="com.qa.automation.mystoreapplication.testscript.TC_001_PlacingOrderFromMyStoreApplication">
    <skipped/>
  </testcase> <!-- verifyAddEveningDressToCart -->
  <testcase name="verifyCheckout" time="0.001" classname="com.qa.automation.mystoreapplication.testscript.TC_001_PlacingOrderFromMyStoreApplication">
    <skipped/>
  </testcase> <!-- verifyCheckout -->
  <testcase name="verifyOrderDetails" time="0.0" classname="com.qa.automation.mystoreapplication.testscript.TC_001_PlacingOrderFromMyStoreApplication">
    <skipped/>
  </testcase> <!-- verifyOrderDetails -->
</testsuite> <!-- Testcase for placing Order from mystore app -->
