<?xml version="1.0" encoding="UTF-8"?>
<!-- Generated by org.testng.reporters.JUnitXMLReporter -->
<testsuite hostname="ATMECSINLT-269" name="Testcase for placing Order from mystore app" tests="1" failures="0" timestamp="14 Apr 2020 12:51:10 GMT" time="0.024" errors="0">
  <testcase name="@BeforeClass launchApplication" time="0.0" classname="com.qa.automation.mystoreapplication.testscript.TC_002_AddCasualDress">
    <failure type="java.lang.IllegalArgumentException" message="No enum constant com.atmecs.falcon.automation.util.enums.BrowserType.CHOME">
      <![CDATA[java.lang.IllegalArgumentException: No enum constant com.atmecs.falcon.automation.util.enums.BrowserType.CHOME
	at java.lang.Enum.valueOf(Enum.java:238)
	at com.atmecs.falcon.automation.util.enums.BrowserType.valueOf(BrowserType.java:1)
	at com.atmecs.falcon.automation.ui.selenium.RunModeLocal.<init>(RunModeLocal.java:29)
	at com.atmecs.falcon.automation.ui.selenium.RunModeFactory.getRunMode(RunModeFactory.java:35)
	at com.atmecs.falcon.automation.ui.selenium.Browser.openURL(Browser.java:372)
	at com.qa.automation.mystoreapplication.testsuite.TestSuiteBase.launchApplication(TestSuiteBase.java:69)
	at com.qa.automation.mystoreapplication.runner.TestNGRunner.main(TestNGRunner.java:58)
	at org.codehaus.mojo.exec.ExecJavaMojo$1.run(ExecJavaMojo.java:294)
	at java.lang.Thread.run(Thread.java:748)
... Removed 25 stack frames]]>
    </failure>
  </testcase> <!-- @BeforeClass launchApplication -->
  <testcase name="@AfterClass signOutApp" time="0.0" classname="com.qa.automation.mystoreapplication.testscript.TC_002_AddCasualDress">
    <skipped/>
  </testcase> <!-- @AfterClass signOutApp -->
  <testcase name="verifyAddCasualDressToCart" time="0.001" classname="com.qa.automation.mystoreapplication.testscript.TC_002_AddCasualDress">
    <skipped/>
  </testcase> <!-- verifyAddCasualDressToCart -->
</testsuite> <!-- Testcase for placing Order from mystore app -->
