<?xml version="1.0" encoding="UTF-8"?>
<!-- Generated by org.testng.reporters.JUnitXMLReporter -->
<testsuite hostname="ATMECSINLT-269" name="Testcase for placing Order from mystore app" tests="4" failures="0" timestamp="16 Apr 2020 15:42:20 GMT" time="347.65" errors="0">
  <testcase name="@AfterMethod signOutApp" time="0.0" classname="com.qa.automation.mystoreapplication.testscript.TC_001_PlacingOrderFromMyStoreApplication">
    <failure type="org.openqa.selenium.ElementNotInteractableException" message="Element &amp;lt;a class=&amp;quot;button lnk_view btn btn-default&amp;quot; href=&amp;quot;http://automationpractice.com/index.php?id_product=3&amp;amp;controller=product&amp;quot;&amp;gt; could not be scrolled into view
Build info: version: &amp;apos;3.6.0&amp;apos;, revision: &amp;apos;6fbf3ec767&amp;apos;, time: &amp;apos;2017-09-27T15:28:36.4Z&amp;apos;
System info: host: &amp;apos;ATMECSINLT-269&amp;apos;, ip: &amp;apos;192.168.1.106&amp;apos;, os.name: &amp;apos;Windows 10&amp;apos;, os.arch: &amp;apos;amd64&amp;apos;, os.version: &amp;apos;10.0&amp;apos;, java.version: &amp;apos;1.8.0_191&amp;apos;
Driver info: org.openqa.selenium.remote.RemoteWebDriver
Capabilities [{moz:profile=C:\Users\mir.ali\AppData\Local\Temp\rust_mozprofile4j3kvE, rotatable=false, moz:geckodriverVersion=0.26.0, timeouts={implicit=0, pageLoad=300000, script=30000}, pageLoadStrategy=normal, unhandledPromptBehavior=dismiss and notify, strictFileInteractability=false, moz:headless=false, platform=WINDOWS, moz:accessibilityChecks=false, moz:useNonSpecCompliantPointerOrigin=false, acceptInsecureCerts=false, browserVersion=74.0, moz:shutdownTimeout=60000, platformVersion=10.0, moz:processID=14708, browserName=firefox, moz:buildID=20200309095159, javascriptEnabled=true, platformName=WINDOWS, setWindowRect=true, moz:webdriverClick=true}]
Session ID: 0c21fafc-323c-438a-925a-2c5e5b264e44">
      <![CDATA[org.openqa.selenium.ElementNotInteractableException: Element <a class="button lnk_view btn btn-default" href="http://automationpractice.com/index.php?id_product=3&controller=product"> could not be scrolled into view
Build info: version: '3.6.0', revision: '6fbf3ec767', time: '2017-09-27T15:28:36.4Z'
System info: host: 'ATMECSINLT-269', ip: '192.168.1.106', os.name: 'Windows 10', os.arch: 'amd64', os.version: '10.0', java.version: '1.8.0_191'
Driver info: org.openqa.selenium.remote.RemoteWebDriver
Capabilities [{moz:profile=C:\Users\mir.ali\AppData\Local\Temp\rust_mozprofile4j3kvE, rotatable=false, moz:geckodriverVersion=0.26.0, timeouts={implicit=0, pageLoad=300000, script=30000}, pageLoadStrategy=normal, unhandledPromptBehavior=dismiss and notify, strictFileInteractability=false, moz:headless=false, platform=WINDOWS, moz:accessibilityChecks=false, moz:useNonSpecCompliantPointerOrigin=false, acceptInsecureCerts=false, browserVersion=74.0, moz:shutdownTimeout=60000, platformVersion=10.0, moz:processID=14708, browserName=firefox, moz:buildID=20200309095159, javascriptEnabled=true, platformName=WINDOWS, setWindowRect=true, moz:webdriverClick=true}]
Session ID: 0c21fafc-323c-438a-925a-2c5e5b264e44
	at org.openqa.selenium.remote.http.W3CHttpResponseCodec.createException(W3CHttpResponseCodec.java:185)
	at org.openqa.selenium.remote.http.W3CHttpResponseCodec.decode(W3CHttpResponseCodec.java:120)
	at org.openqa.selenium.remote.http.W3CHttpResponseCodec.decode(W3CHttpResponseCodec.java:49)
	at org.openqa.selenium.remote.HttpCommandExecutor.execute(HttpCommandExecutor.java:164)
	at org.openqa.selenium.remote.RemoteWebDriver.execute(RemoteWebDriver.java:586)
	at org.openqa.selenium.remote.RemoteWebElement.execute(RemoteWebElement.java:279)
	at org.openqa.selenium.remote.RemoteWebElement.click(RemoteWebElement.java:83)
	at com.atmecs.falcon.automation.ui.selenium.Click.performClick(Click.java:132)
	at com.qa.automation.mystoreapplication.pages.HomePage.clickSignOut(HomePage.java:52)
	at com.qa.automation.mystoreapplication.testscript.TC_001_PlacingOrderFromMyStoreApplication.signOutApp(TC_001_PlacingOrderFromMyStoreApplication.java:189)
	at com.qa.automation.mystoreapplication.runner.TestNGRunner.main(TestNGRunner.java:58)
	at org.codehaus.mojo.exec.ExecJavaMojo$1.run(ExecJavaMojo.java:294)
	at java.lang.Thread.run(Thread.java:748)
... Removed 31 stack frames]]>
    </failure>
  </testcase> <!-- @AfterMethod signOutApp -->
  <testcase name="@BeforeMethod init" time="0.0" classname="com.qa.automation.mystoreapplication.testscript.TC_001_PlacingOrderFromMyStoreApplication">
    <skipped/>
  </testcase> <!-- @BeforeMethod init -->
  <testcase name="@AfterMethod signOutApp" time="0.0" classname="com.qa.automation.mystoreapplication.testscript.TC_001_PlacingOrderFromMyStoreApplication">
    <skipped/>
  </testcase> <!-- @AfterMethod signOutApp -->
  <testcase name="verifyAddCasualDressToCart" time="100.025" classname="com.qa.automation.mystoreapplication.testscript.TC_001_PlacingOrderFromMyStoreApplication"/>
  <testcase name="verifyAddEveningDressToCart" time="92.279" classname="com.qa.automation.mystoreapplication.testscript.TC_001_PlacingOrderFromMyStoreApplication"/>
  <testcase name="verifyCheckout" time="59.674" classname="com.qa.automation.mystoreapplication.testscript.TC_001_PlacingOrderFromMyStoreApplication"/>
  <testcase name="verifyOrderDetails" time="0.0" classname="com.qa.automation.mystoreapplication.testscript.TC_001_PlacingOrderFromMyStoreApplication">
    <skipped/>
  </testcase> <!-- verifyOrderDetails -->
</testsuite> <!-- Testcase for placing Order from mystore app -->
