<?xml version="1.0" encoding="UTF-8"?>
<!-- Generated by org.testng.reporters.JUnitReportReporter -->
<testsuite hostname="ATMECSINLT-269" name="com.qa.automation.mystoreapplication.testscript.TC_0001_PlacingOrderFromMyStoreApp" tests="6" failures="1" timestamp="19 Apr 2020 14:38:13 GMT" time="288.232" errors="0">
  <testcase name="verifyCheckout" time="99.066" classname="com.qa.automation.mystoreapplication.testscript.TC_0001_PlacingOrderFromMyStoreApp"/>
  <testcase name="verifyProductDetailsAndCartTextOnAddToCartPage" time="40.200" classname="com.qa.automation.mystoreapplication.testscript.TC_0001_PlacingOrderFromMyStoreApp">
    <failure type="java.lang.AssertionError" message="expected [2.0] but found [2]">
      <![CDATA[java.lang.AssertionError: expected [2.0] but found [2]
	at org.testng.Assert.fail(Assert.java:94)
	at org.testng.Assert.failNotEquals(Assert.java:496)
	at org.testng.Assert.assertEquals(Assert.java:125)
	at org.testng.Assert.assertEquals(Assert.java:178)
	at org.testng.Assert.assertEquals(Assert.java:188)
	at com.atmecs.falcon.automation.verifyresult.VerificationManager.verifyString(VerificationManager.java:228)
	at com.qa.automation.mystoreapplication.pages.AddToCartPage.validateCartTextOnAddToCartPage(AddToCartPage.java:73)
	at com.qa.automation.mystoreapplication.testscript.TC_0001_PlacingOrderFromMyStoreApp.verifyProductDetailsAndCartTextOnAddToCartPage(TC_0001_PlacingOrderFromMyStoreApp.java:84)
	at sun.reflect.NativeMethodAccessorImpl.invoke0(Native Method)
	at sun.reflect.NativeMethodAccessorImpl.invoke(NativeMethodAccessorImpl.java:62)
	at sun.reflect.DelegatingMethodAccessorImpl.invoke(DelegatingMethodAccessorImpl.java:43)
	at java.lang.reflect.Method.invoke(Method.java:498)
	at org.testng.internal.MethodInvocationHelper.invokeMethod(MethodInvocationHelper.java:85)
	at org.testng.internal.Invoker.invokeMethod(Invoker.java:639)
	at org.testng.internal.Invoker.invokeTestMethod(Invoker.java:816)
	at org.testng.internal.Invoker.invokeTestMethods(Invoker.java:1124)
	at org.testng.internal.TestMethodWorker.invokeTestMethods(TestMethodWorker.java:125)
	at org.testng.internal.TestMethodWorker.run(TestMethodWorker.java:108)
	at org.testng.TestRunner.privateRun(TestRunner.java:774)
	at org.testng.TestRunner.run(TestRunner.java:624)
	at org.testng.SuiteRunner.runTest(SuiteRunner.java:359)
	at org.testng.SuiteRunner.runSequentially(SuiteRunner.java:354)
	at org.testng.SuiteRunner.privateRun(SuiteRunner.java:312)
	at org.testng.SuiteRunner.run(SuiteRunner.java:261)
	at org.testng.SuiteRunnerWorker.runSuite(SuiteRunnerWorker.java:52)
	at org.testng.SuiteRunnerWorker.run(SuiteRunnerWorker.java:86)
	at org.testng.TestNG.runSuitesSequentially(TestNG.java:1215)
	at org.testng.TestNG.runSuitesLocally(TestNG.java:1140)
	at org.testng.TestNG.run(TestNG.java:1048)
	at com.qa.automation.mystoreapplication.runner.TestNGRunner.main(TestNGRunner.java:58)
	at sun.reflect.NativeMethodAccessorImpl.invoke0(Native Method)
	at sun.reflect.NativeMethodAccessorImpl.invoke(NativeMethodAccessorImpl.java:62)
	at sun.reflect.DelegatingMethodAccessorImpl.invoke(DelegatingMethodAccessorImpl.java:43)
	at java.lang.reflect.Method.invoke(Method.java:498)
	at org.codehaus.mojo.exec.ExecJavaMojo$1.run(ExecJavaMojo.java:294)
	at java.lang.Thread.run(Thread.java:748)
]]>
    </failure>
  </testcase> <!-- verifyProductDetailsAndCartTextOnAddToCartPage -->
  <testcase name="performSignIntoMystore" time="13.970" classname="com.qa.automation.mystoreapplication.testscript.TC_0001_PlacingOrderFromMyStoreApp"/>
  <testcase name="verifyAddressDetailsOnAddresssPage" time="38.723" classname="com.qa.automation.mystoreapplication.testscript.TC_0001_PlacingOrderFromMyStoreApp"/>
  <testcase name="verifyProductDetailsOnPaymentPage" time="54.391" classname="com.qa.automation.mystoreapplication.testscript.TC_0001_PlacingOrderFromMyStoreApp"/>
  <testcase name="verifyProductDetailsOnShoppingCartSummary" time="41.882" classname="com.qa.automation.mystoreapplication.testscript.TC_0001_PlacingOrderFromMyStoreApp"/>
</testsuite> <!-- com.qa.automation.mystoreapplication.testscript.TC_0001_PlacingOrderFromMyStoreApp -->
