<?xml version="1.0" encoding="UTF-8"?>
<!-- Generated by org.testng.reporters.JUnitXMLReporter -->
<testsuite hostname="ATMECSINLT-269" name="Testcase for placing Order from mystore app" tests="7" failures="2" timestamp="23 Apr 2020 18:41:51 GMT" time="928.281" errors="0">
  <testcase name="@AfterMethod signOutApp" time="0.0" classname="com.qa.automation.mystoreapplication.testscript.TC_000111_PlacingOrderFromMyStoreApp">
    <failure type="org.openqa.selenium.StaleElementReferenceException" message="stale element reference: element is not attached to the page document
  (Session info: chrome=81.0.4044.122)
For documentation on this error, please visit: http://seleniumhq.org/exceptions/stale_element_reference.html
Build info: version: &amp;apos;3.6.0&amp;apos;, revision: &amp;apos;6fbf3ec767&amp;apos;, time: &amp;apos;2017-09-27T15:28:36.4Z&amp;apos;
System info: host: &amp;apos;ATMECSINLT-269&amp;apos;, ip: &amp;apos;192.168.43.218&amp;apos;, os.name: &amp;apos;Windows 10&amp;apos;, os.arch: &amp;apos;amd64&amp;apos;, os.version: &amp;apos;10.0&amp;apos;, java.version: &amp;apos;1.8.0_191&amp;apos;
Driver info: org.openqa.selenium.chrome.ChromeDriver
Capabilities [{networkConnectionEnabled=false, chrome={chromedriverVersion=80.0.3987.106 (f68069574609230cf9b635cd784cfb1bf81bb53a-refs/branch-heads/3987@{#882}), userDataDir=C:\Users\mir.ali\AppData\Local\Temp\scoped_dir12780_500837861}, timeouts={implicit=0, pageLoad=300000, script=30000}, pageLoadStrategy=normal, unhandledPromptBehavior=dismiss and notify, strictFileInteractability=false, platform=WINDOWS, proxy=Proxy(), goog:chromeOptions={debuggerAddress=localhost:50196}, acceptInsecureCerts=false, browserVersion=81.0.4044.122, browserName=chrome, javascriptEnabled=true, platformName=WINDOWS, setWindowRect=true}]
Session ID: 7bc309e3a47d57dcced3eb404b397ca7">
      <![CDATA[org.openqa.selenium.StaleElementReferenceException: stale element reference: element is not attached to the page document
  (Session info: chrome=81.0.4044.122)
For documentation on this error, please visit: http://seleniumhq.org/exceptions/stale_element_reference.html
Build info: version: '3.6.0', revision: '6fbf3ec767', time: '2017-09-27T15:28:36.4Z'
System info: host: 'ATMECSINLT-269', ip: '192.168.43.218', os.name: 'Windows 10', os.arch: 'amd64', os.version: '10.0', java.version: '1.8.0_191'
Driver info: org.openqa.selenium.chrome.ChromeDriver
Capabilities [{networkConnectionEnabled=false, chrome={chromedriverVersion=80.0.3987.106 (f68069574609230cf9b635cd784cfb1bf81bb53a-refs/branch-heads/3987@{#882}), userDataDir=C:\Users\mir.ali\AppData\Local\Temp\scoped_dir12780_500837861}, timeouts={implicit=0, pageLoad=300000, script=30000}, pageLoadStrategy=normal, unhandledPromptBehavior=dismiss and notify, strictFileInteractability=false, platform=WINDOWS, proxy=Proxy(), goog:chromeOptions={debuggerAddress=localhost:50196}, acceptInsecureCerts=false, browserVersion=81.0.4044.122, browserName=chrome, javascriptEnabled=true, platformName=WINDOWS, setWindowRect=true}]
Session ID: 7bc309e3a47d57dcced3eb404b397ca7
	at org.openqa.selenium.remote.http.W3CHttpResponseCodec.createException(W3CHttpResponseCodec.java:185)
	at org.openqa.selenium.remote.http.W3CHttpResponseCodec.decode(W3CHttpResponseCodec.java:120)
	at org.openqa.selenium.remote.http.W3CHttpResponseCodec.decode(W3CHttpResponseCodec.java:49)
	at org.openqa.selenium.remote.HttpCommandExecutor.execute(HttpCommandExecutor.java:164)
	at org.openqa.selenium.remote.service.DriverCommandExecutor.execute(DriverCommandExecutor.java:83)
	at org.openqa.selenium.remote.RemoteWebDriver.execute(RemoteWebDriver.java:586)
	at org.openqa.selenium.remote.RemoteWebElement.execute(RemoteWebElement.java:279)
	at org.openqa.selenium.remote.RemoteWebElement.isDisplayed(RemoteWebElement.java:320)
	at org.openqa.selenium.support.ui.ExpectedConditions.elementIfVisible(ExpectedConditions.java:301)
	at org.openqa.selenium.support.ui.ExpectedConditions.access$100(ExpectedConditions.java:43)
	at org.openqa.selenium.support.ui.ExpectedConditions$10.apply(ExpectedConditions.java:287)
	at org.openqa.selenium.support.ui.ExpectedConditions$10.apply(ExpectedConditions.java:284)
	at org.openqa.selenium.support.ui.ExpectedConditions$23.apply(ExpectedConditions.java:672)
	at org.openqa.selenium.support.ui.ExpectedConditions$23.apply(ExpectedConditions.java:668)
	at org.openqa.selenium.support.ui.FluentWait.until(FluentWait.java:208)
	at com.qa.automation.mystoreapplication.utilities.MyStoreUtility.waitForElementToBeClickable(MyStoreUtility.java:68)
	at com.qa.automation.mystoreapplication.pages.HomePage.clickSignOut(HomePage.java:55)
	at com.qa.automation.mystoreapplication.testscript.TC_000111_PlacingOrderFromMyStoreApp.signOutApp(TC_000111_PlacingOrderFromMyStoreApp.java:223)
	at java.util.concurrent.ThreadPoolExecutor.runWorker(ThreadPoolExecutor.java:1149)
	at java.util.concurrent.ThreadPoolExecutor$Worker.run(ThreadPoolExecutor.java:624)
	at java.lang.Thread.run(Thread.java:748)
... Removed 24 stack frames]]>
    </failure>
  </testcase> <!-- @AfterMethod signOutApp -->
  <testcase name="@AfterMethod signOutApp" time="0.0" classname="com.qa.automation.mystoreapplication.testscript.TC_000111_PlacingOrderFromMyStoreApp">
    <skipped/>
  </testcase> <!-- @AfterMethod signOutApp -->
  <testcase name="@AfterMethod signOutApp" time="0.0" classname="com.qa.automation.mystoreapplication.testscript.TC_000111_PlacingOrderFromMyStoreApp">
    <skipped/>
  </testcase> <!-- @AfterMethod signOutApp -->
  <testcase name="performSignIntoMystore" time="94.171" classname="com.qa.automation.mystoreapplication.testscript.TC_000111_PlacingOrderFromMyStoreApp"/>
  <testcase name="verifyProductDetailsAndCartTextOnAddToCartPage" time="297.825" classname="com.qa.automation.mystoreapplication.testscript.TC_000111_PlacingOrderFromMyStoreApp"/>
  <testcase name="verifyProductDetailsOnShoppingCartSummary" time="267.185" classname="com.qa.automation.mystoreapplication.testscript.TC_000111_PlacingOrderFromMyStoreApp"/>
  <testcase name="verifyAddressDetailsOnAddresssPage" time="21.016" classname="com.qa.automation.mystoreapplication.testscript.TC_000111_PlacingOrderFromMyStoreApp">
    <failure type="java.lang.AssertionError" message="expected [My account - My Store] but found [Order - My Store]">
      <![CDATA[java.lang.AssertionError: expected [My account - My Store] but found [Order - My Store]
	at com.atmecs.falcon.automation.verifyresult.VerificationManager.verifyString(VerificationManager.java:228)
	at com.qa.automation.mystoreapplication.pages.HomePage.verifyMyAccountPageTitle(HomePage.java:71)
	at com.qa.automation.mystoreapplication.testscript.TC_000111_PlacingOrderFromMyStoreApp.verifyAddressDetailsOnAddresssPage(TC_000111_PlacingOrderFromMyStoreApp.java:99)
	at java.util.concurrent.ThreadPoolExecutor.runWorker(ThreadPoolExecutor.java:1149)
	at java.util.concurrent.ThreadPoolExecutor$Worker.run(ThreadPoolExecutor.java:624)
	at java.lang.Thread.run(Thread.java:748)
... Removed 23 stack frames]]>
    </failure>
  </testcase> <!-- verifyAddressDetailsOnAddresssPage -->
  <testcase name="verifyProductDetailsOnPaymentPage" time="48.569" classname="com.qa.automation.mystoreapplication.testscript.TC_000111_PlacingOrderFromMyStoreApp">
    <failure type="java.lang.AssertionError" message="expected [My account - My Store] but found []">
      <![CDATA[java.lang.AssertionError: expected [My account - My Store] but found []
	at com.atmecs.falcon.automation.verifyresult.VerificationManager.verifyString(VerificationManager.java:228)
	at com.qa.automation.mystoreapplication.pages.HomePage.verifyMyAccountPageTitle(HomePage.java:71)
	at com.qa.automation.mystoreapplication.testscript.TC_000111_PlacingOrderFromMyStoreApp.verifyProductDetailsOnPaymentPage(TC_000111_PlacingOrderFromMyStoreApp.java:125)
	at java.util.concurrent.ThreadPoolExecutor.runWorker(ThreadPoolExecutor.java:1149)
	at java.util.concurrent.ThreadPoolExecutor$Worker.run(ThreadPoolExecutor.java:624)
	at java.lang.Thread.run(Thread.java:748)
... Removed 23 stack frames]]>
    </failure>
  </testcase> <!-- verifyProductDetailsOnPaymentPage -->
  <testcase name="verifyCheckout" time="0.0" classname="com.qa.automation.mystoreapplication.testscript.TC_000111_PlacingOrderFromMyStoreApp">
    <skipped/>
  </testcase> <!-- verifyCheckout -->
  <testcase name="verifyOrderDetails" time="0.0" classname="com.qa.automation.mystoreapplication.testscript.TC_000111_PlacingOrderFromMyStoreApp">
    <skipped/>
  </testcase> <!-- verifyOrderDetails -->
</testsuite> <!-- Testcase for placing Order from mystore app -->
